#-----------------------------------------------------------
# Vivado v2017.4 (64-bit)
# SW Build 2086221 on Fri Dec 15 20:55:39 MST 2017
# IP Build 2085800 on Fri Dec 15 22:25:07 MST 2017
# Start of session at: Mon Mar 17 17:27:35 2025
# Process ID: 42488
# Current directory: C:/Users/Karl/Documents/University/Spring 2025/ECE449/Project/ECE449-Lab-Project/ECE 449 Project
# Command line: vivado.exe -gui_launcher_event rodinguilauncherevent40684 C:\Users\Karl\Documents\University\Spring 2025\ECE449\Project\ECE449-Lab-Project\ECE 449 Project\ECE 449 Project.xpr
# Log file: C:/Users/Karl/Documents/University/Spring 2025/ECE449/Project/ECE449-Lab-Project/ECE 449 Project/vivado.log
# Journal file: C:/Users/Karl/Documents/University/Spring 2025/ECE449/Project/ECE449-Lab-Project/ECE 449 Project\vivado.jou
#-----------------------------------------------------------
start_gui
open_project {C:/Users/Karl/Documents/University/Spring 2025/ECE449/Project/ECE449-Lab-Project/ECE 449 Project/ECE 449 Project.xpr}
INFO: [ProjectBase 1-489] The host OS only allows 260 characters in a normal path. The project is stored in a path with more than 80 characters. If you experience issues with IP, Block Designs, or files not being found, please consider moving the project to a location with a shorter path. Alternately consider using the OS subst command to map part of the path to a drive letter.
Current project path is 'C:/Users/Karl/Documents/University/Spring 2025/ECE449/Project/ECE449-Lab-Project/ECE 449 Project'
INFO: [Project 1-313] Project file moved from 'C:/Xilinx/ECE449-Lab-Project/ECE 449 Project' since last save.
Scanning sources...
Finished scanning sources
INFO: [IP_Flow 19-234] Refreshing IP repositories
INFO: [IP_Flow 19-1704] No user IP repositories specified
INFO: [IP_Flow 19-2313] Loaded Vivado IP repository 'C:/Xilinx/Vivado/2017.4/data/ip'.
update_compile_order -fileset sources_1
add_files -norecurse {{C:/Users/Karl/Documents/University/Spring 2025/ECE449/Project/ECE449-Lab-Project/ECE 449 Project/ECE 449 Project.srcs/sources_1/new/PC.vhd}}
update_compile_order -fileset sources_1
exit
INFO: [Common 17-206] Exiting Vivado at Mon Mar 17 21:04:36 2025...
